[     278ms] [INFO] %cDownload the React DevTools for a better development experience: https://react.dev/link/react-devtools font-weight:bold @ http://localhost:3001/_next/static/chunks/node_modules_next_dist_f3530cac._.js:2297
[     394ms] [LOG] [HMR] connected @ http://localhost:3001/_next/static/chunks/node_modules_next_dist_f3530cac._.js:2297
[     457ms] [ERROR] Failed to load resource: the server responded with a status of 404 (Not Found) @ http://localhost:3001/favicon.ico:0
[     483ms] Error: Hydration failed because the server rendered text didn't match the client. As a result this tree will be regenerated on the client. This can happen if a SSR-ed Client Component used:

- A server/client branch `if (typeof window !== 'undefined')`.
- Variable input such as `Date.now()` or `Math.random()` which changes each time it's called.
- Date formatting in a user's locale which doesn't match the server.
- External changing data without sending a snapshot of it along with the HTML.
- Invalid HTML tag nesting.

It can also happen if the client has a browser extension installed which messes with the HTML before React loaded.

https://react.dev/link/hydration-mismatch

  ...
    <HTTPAccessFallbackErrorBoundary pathname="/" notFound={<SegmentViewNode>} forbidden={undefined} ...>
      <RedirectBoundary>
        <RedirectErrorBoundary router={{...}}>
          <InnerLayoutRouter url="/" tree={[...]} params={{}} cacheNode={{rsc:<Fragment>, ...}} segmentPath={[...]} ...>
            <SegmentViewNode type="page" pagePath="page.tsx">
              <SegmentTrieNode>
              <ClientPageRoot Component={function Home} serverProvidedParams={{...}}>
                <Home params={Promise} searchParams={Promise}>
                  <main className="min-h-scre...">
                    <h1>
                    <div className="w-full max...">
                      <GameCanvas>
                      <div className="border-t b...">
                        <GameUI score={0} nextBall={{id:"b1", ...}} phase="waiting" ...>
                          <div className="flex items...">
                            <div>
                            <div className="flex flex-...">
                              <p>
                              <div
                                className="flex items-center justify-center rounded-full font-bold text-white text-sm ..."
                                style={{
+                                 width: 40
-                                 width: "40px"
+                                 height: 40
-                                 height: "40px"
+                                 background: "radial-gradient(circle at 35% 35%, rgb(255,255,104), #FFCC22)"
+                                 boxShadow: "0 0 14px 3px #FFCC2266"
-                                 background-image: "radial-gradient(circle at 35% 35%, rgb(255, 138, 155), rgb(255, 6..."
-                                 background-position-x: "initial"
-                                 background-position-y: "initial"
-                                 background-size: "initial"
-                                 background-repeat: "initial"
-                                 background-attachment: "initial"
-                                 background-origin: "initial"
-                                 background-clip: "initial"
-                                 background-color: "initial"
-                                 box-shadow: "rgba(255, 68, 85, 0.4) 0px 0px 14px 3px"
                                }}
                              >
+                               3
-                               2
                            ...
                    ...
            ...
          ...

    at throwOnHydrationMismatch (http://localhost:3001/_next/static/chunks/node_modules_next_dist_compiled_react-dom_1e674e59._.js:3348:56)
    at prepareToHydrateHostInstance (http://localhost:3001/_next/static/chunks/node_modules_next_dist_compiled_react-dom_1e674e59._.js:3402:23)
    at completeWork (http://localhost:3001/_next/static/chunks/node_modules_next_dist_compiled_react-dom_1e674e59._.js:6934:60)
    at runWithFiberInDEV (http://localhost:3001/_next/static/chunks/node_modules_next_dist_compiled_react-dom_1e674e59._.js:965:74)
    at completeUnitOfWork (http://localhost:3001/_next/static/chunks/node_modules_next_dist_compiled_react-dom_1e674e59._.js:9627:23)
    at performUnitOfWork (http://localhost:3001/_next/static/chunks/node_modules_next_dist_compiled_react-dom_1e674e59._.js:9564:28)
    at workLoopConcurrentByScheduler (http://localhost:3001/_next/static/chunks/node_modules_next_dist_compiled_react-dom_1e674e59._.js:9558:58)
    at renderRootConcurrent (http://localhost:3001/_next/static/chunks/node_modules_next_dist_compiled_react-dom_1e674e59._.js:9541:71)
    at performWorkOnRoot (http://localhost:3001/_next/static/chunks/node_modules_next_dist_compiled_react-dom_1e674e59._.js:9068:150)
    at performWorkOnRootViaSchedulerTask (http://localhost:3001/_next/static/chunks/node_modules_next_dist_compiled_react-dom_1e674e59._.js:10230:9)
    at MessagePort.performWorkUntilDeadline (http://localhost:3001/_next/static/chunks/node_modules_next_dist_compiled_a0e4c7b4._.js:2647:64)
[   29078ms] [LOG] [Fast Refresh] rebuilding @ http://localhost:3001/_next/static/chunks/node_modules_next_dist_f3530cac._.js:2297
[   29193ms] [ERROR] ./src/app/page.tsx:3:19
Ecmascript file had an error
  1 | import dynamic from 'next/dynamic'
  2 |
> 3 | const SwingGame = dynamic(() => import('@/components/game/SwingGame'), { ssr: false })
    |                   ^^^^^^^^^^^^^^^^^^^^^^^^^^^^^^^^^^^^^^^^^^^^^^^^^^^^^^^^^^^^^^^^^^^^
  4 |
  5 | export default function Home() {
  6 |   return (

`ssr: false` is not allowed with `next/dynamic` in Server Components. Please move it into a Client Component. @ http://localhost:3001/_next/static/chunks/node_modules_next_dist_f3530cac._.js:3127
[   29193ms] [ERROR] ./src/app/page.tsx:3:33
Module not found: Can't resolve '@/components/game/SwingGame'
  1 | import dynamic from 'next/dynamic'
  2 |
> 3 | const SwingGame = dynamic(() => import('@/components/game/SwingGame'), { ssr: false })
    |                                 ^^^^^^^^^^^^^^^^^^^^^^^^^^^^^^^^^^^^^
  4 |
  5 | export default function Home() {
  6 |   return (

Import map: aliased to relative './src/components/game/SwingGame' inside of [project]/

https://nextjs.org/docs/messages/module-not-found @ http://localhost:3001/_next/static/chunks/node_modules_next_dist_f3530cac._.js:3127
[   34128ms] [LOG] [Fast Refresh] rebuilding @ http://localhost:3001/_next/static/chunks/node_modules_next_dist_f3530cac._.js:2297
[   34191ms] [ERROR] ./src/app/page.tsx:3:19
Ecmascript file had an error
  1 | import dynamic from 'next/dynamic'
  2 |
> 3 | const SwingGame = dynamic(() => import('@/components/game/SwingGame'), { ssr: false })
    |                   ^^^^^^^^^^^^^^^^^^^^^^^^^^^^^^^^^^^^^^^^^^^^^^^^^^^^^^^^^^^^^^^^^^^^
  4 |
  5 | export default function Home() {
  6 |   return (

`ssr: false` is not allowed with `next/dynamic` in Server Components. Please move it into a Client Component. @ http://localhost:3001/_next/static/chunks/node_modules_next_dist_f3530cac._.js:3127
